This file contains any messages produced by compilers while
running configure, to aid debugging if configure makes a mistake.

It was created by Makefile.in configure 1.2.2, which was
generated by GNU Autoconf 2.69.  Invocation command line was

  $ ./configure 

## --------- ##
## Platform. ##
## --------- ##

hostname = yhuangMac.local
uname -m = x86_64
uname -r = 12.3.0
uname -s = Darwin
uname -v = Darwin Kernel Version 12.3.0: Sun Jan  6 22:37:10 PST 2013; root:xnu-2050.22.13~1/RELEASE_X86_64

/usr/bin/uname -p = i386
/bin/uname -X     = unknown

/bin/arch              = unknown
/usr/bin/arch -k       = unknown
/usr/convex/getsysinfo = unknown
/usr/bin/hostinfo      = Mach kernel version:
	 Darwin Kernel Version 12.3.0: Sun Jan  6 22:37:10 PST 2013; root:xnu-2050.22.13~1/RELEASE_X86_64
Kernel configured for up to 8 processors.
4 processors are physically available.
8 processors are logically available.
Processor type: i486 (Intel 80486)
Processors active: 0 1 2 3 4 5 6 7
Primary memory available: 16.00 gigabytes
Default processor set: 186 tasks, 1051 threads, 8 processors
Load average: 1.69, Mach factor: 6.30
/bin/machine           = unknown
/usr/bin/oslevel       = unknown
/bin/universe          = unknown

PATH: /Library/Frameworks/Python.framework/Versions/3.4/bin
PATH: /Users/yhuang/storm/bin
PATH: /opt/local/bin
PATH: /opt/local/sbin
PATH: /usr/local/sbin
PATH: /Users/yhuang/scala-2.10.3/bin
PATH: /Users/yhuang/cassandra-1.2.13/bin
PATH: /opt/local/bin
PATH: /opt/local/sbin
PATH: /usr/local/mysql/bin
PATH: /usr/local/share/python
PATH: /Library/Java/JavaVirtualMachines/jdk1.8.0_05.jdk/Contents/Home/bin
PATH: /usr/local/bin
PATH: /usr/bin
PATH: /bin
PATH: /usr/sbin
PATH: /sbin
PATH: /usr/local/bin
PATH: /opt/X11/bin
PATH: /usr/local/mongodb/bin


## ----------- ##
## Core tests. ##
## ----------- ##

configure:2080: checking for gcc
configure:2096: found /usr/bin/gcc
configure:2107: result: gcc
configure:2336: checking for C compiler version
configure:2345: gcc --version >&5
i686-apple-darwin11-llvm-gcc-4.2 (GCC) 4.2.1 (Based on Apple Inc. build 5658) (LLVM build 2336.11.00)
Copyright (C) 2007 Free Software Foundation, Inc.
This is free software; see the source for copying conditions.  There is NO
warranty; not even for MERCHANTABILITY or FITNESS FOR A PARTICULAR PURPOSE.

configure:2356: $? = 0
configure:2345: gcc -v >&5
Using built-in specs.
Target: i686-apple-darwin11
Configured with: /private/var/tmp/llvmgcc42/llvmgcc42-2336.11~182/src/configure --disable-checking --enable-werror --prefix=/Applications/Xcode.app/Contents/Developer/usr/llvm-gcc-4.2 --mandir=/share/man --enable-languages=c,objc,c++,obj-c++ --program-prefix=llvm- --program-transform-name=/^[cg][^.-]*$/s/$/-4.2/ --with-slibdir=/usr/lib --build=i686-apple-darwin11 --enable-llvm=/private/var/tmp/llvmgcc42/llvmgcc42-2336.11~182/dst-llvmCore/Developer/usr/local --program-prefix=i686-apple-darwin11- --host=x86_64-apple-darwin11 --target=i686-apple-darwin11 --with-gxx-include-dir=/usr/include/c++/4.2.1
Thread model: posix
gcc version 4.2.1 (Based on Apple Inc. build 5658) (LLVM build 2336.11.00)
configure:2356: $? = 0
configure:2345: gcc -V >&5
llvm-gcc-4.2: argument to `-V' is missing
configure:2356: $? = 1
configure:2345: gcc -qversion >&5
i686-apple-darwin11-llvm-gcc-4.2: no input files
configure:2356: $? = 1
configure:2376: checking whether the C compiler works
configure:2398: gcc    conftest.c  >&5
configure:2402: $? = 0
configure:2450: result: yes
configure:2453: checking for C compiler default output file name
configure:2455: result: a.out
configure:2461: checking for suffix of executables
configure:2468: gcc -o conftest    conftest.c  >&5
configure:2472: $? = 0
configure:2494: result: 
configure:2516: checking whether we are cross compiling
configure:2524: gcc -o conftest    conftest.c  >&5
configure:2528: $? = 0
configure:2535: ./conftest
configure:2539: $? = 0
configure:2554: result: no
configure:2559: checking for suffix of object files
configure:2581: gcc -c   conftest.c >&5
configure:2585: $? = 0
configure:2606: result: o
configure:2610: checking whether we are using the GNU C compiler
configure:2629: gcc -c   conftest.c >&5
configure:2629: $? = 0
configure:2638: result: yes
configure:2647: checking whether gcc accepts -g
configure:2667: gcc -c -g  conftest.c >&5
configure:2667: $? = 0
configure:2708: result: yes
configure:2725: checking for gcc option to accept ISO C89
configure:2788: gcc  -c -g -O2  conftest.c >&5
configure:2788: $? = 0
configure:2801: result: none needed
configure:2826: checking how to run the C preprocessor
configure:2857: gcc -E  conftest.c
configure:2857: $? = 0
configure:2871: gcc -E  conftest.c
conftest.c:9:28: error: ac_nonexistent.h: No such file or directory
configure:2871: $? = 1
configure: failed program was:
| /* confdefs.h */
| #define PACKAGE_NAME "Makefile.in"
| #define PACKAGE_TARNAME "makefile-in"
| #define PACKAGE_VERSION "1.2.2"
| #define PACKAGE_STRING "Makefile.in 1.2.2"
| #define PACKAGE_BUGREPORT ""
| #define PACKAGE_URL ""
| /* end confdefs.h.  */
| #include <ac_nonexistent.h>
configure:2896: result: gcc -E
configure:2916: gcc -E  conftest.c
configure:2916: $? = 0
configure:2930: gcc -E  conftest.c
conftest.c:9:28: error: ac_nonexistent.h: No such file or directory
configure:2930: $? = 1
configure: failed program was:
| /* confdefs.h */
| #define PACKAGE_NAME "Makefile.in"
| #define PACKAGE_TARNAME "makefile-in"
| #define PACKAGE_VERSION "1.2.2"
| #define PACKAGE_STRING "Makefile.in 1.2.2"
| #define PACKAGE_BUGREPORT ""
| #define PACKAGE_URL ""
| /* end confdefs.h.  */
| #include <ac_nonexistent.h>
configure:3119: checking for pcap_open_live in -lpcap
configure:3144: gcc -o conftest  -I/usr/local/include  -I/usr/local/include  -L/usr/local/lib conftest.c -lpcap   >&5
configure:3144: $? = 0
configure:3153: result: yes
configure:3166: checking for nl_handle_alloc in -lnl
configure:3191: gcc -o conftest  -I/usr/local/include  -I/usr/local/include  -L/usr/local/lib conftest.c -lnl   >&5
ld: library not found for -lnl
collect2: ld returned 1 exit status
configure:3191: $? = 1
configure: failed program was:
| /* confdefs.h */
| #define PACKAGE_NAME "Makefile.in"
| #define PACKAGE_TARNAME "makefile-in"
| #define PACKAGE_VERSION "1.2.2"
| #define PACKAGE_STRING "Makefile.in 1.2.2"
| #define PACKAGE_BUGREPORT ""
| #define PACKAGE_URL ""
| #define NTOPNG_SVN_RELEASE "r1.2.2"
| #define NTOPNG_SVN_DATE "Sat Oct 18 17:04:55 EDT 2014"
| #define PACKAGE_OSNAME "x86_64-apple-darwin12.3.0"
| /* end confdefs.h.  */
| 
| /* Override any GCC internal prototype to avoid an error.
|    Use char because int might match the return type of a GCC
|    builtin and then its argument prototype would still apply.  */
| #ifdef __cplusplus
| extern "C"
| #endif
| char nl_handle_alloc ();
| int
| main ()
| {
| return nl_handle_alloc ();
|   ;
|   return 0;
| }
configure:3200: result: no
configure:3206: checking for clock_gettime in -lrt
configure:3231: gcc -o conftest  -I/usr/local/include  -I/usr/local/include  -L/usr/local/lib conftest.c -lrt   >&5
ld: library not found for -lrt
collect2: ld returned 1 exit status
configure:3231: $? = 1
configure: failed program was:
| /* confdefs.h */
| #define PACKAGE_NAME "Makefile.in"
| #define PACKAGE_TARNAME "makefile-in"
| #define PACKAGE_VERSION "1.2.2"
| #define PACKAGE_STRING "Makefile.in 1.2.2"
| #define PACKAGE_BUGREPORT ""
| #define PACKAGE_URL ""
| #define NTOPNG_SVN_RELEASE "r1.2.2"
| #define NTOPNG_SVN_DATE "Sat Oct 18 17:04:55 EDT 2014"
| #define PACKAGE_OSNAME "x86_64-apple-darwin12.3.0"
| /* end confdefs.h.  */
| 
| /* Override any GCC internal prototype to avoid an error.
|    Use char because int might match the return type of a GCC
|    builtin and then its argument prototype would still apply.  */
| #ifdef __cplusplus
| extern "C"
| #endif
| char clock_gettime ();
| int
| main ()
| {
| return clock_gettime ();
|   ;
|   return 0;
| }
configure:3240: result: no
configure:3247: checking for dlopen in -ldl
configure:3272: gcc -o conftest  -I/usr/local/include  -I/usr/local/include  -L/usr/local/lib conftest.c -ldl   >&5
configure:3272: $? = 0
configure:3281: result: yes
configure:3288: checking for curl_easy_perform in -lcurl
configure:3313: gcc -o conftest  -I/usr/local/include  -I/usr/local/include  -L/usr/local/lib -ldl conftest.c -lcurl   >&5
configure:3313: $? = 0
configure:3322: result: yes
configure:3346: checking for GeoIP_record_by_ipnum in -lGeoIP
configure:3371: gcc -o conftest -Wall  -I/usr/local/include  -I/usr/local/include  -L/usr/local/lib -ldl -lcurl conftest.c -lGeoIP   >&5
ld: library not found for -lGeoIP
collect2: ld returned 1 exit status
configure:3371: $? = 1
configure: failed program was:
| /* confdefs.h */
| #define PACKAGE_NAME "Makefile.in"
| #define PACKAGE_TARNAME "makefile-in"
| #define PACKAGE_VERSION "1.2.2"
| #define PACKAGE_STRING "Makefile.in 1.2.2"
| #define PACKAGE_BUGREPORT ""
| #define PACKAGE_URL ""
| #define NTOPNG_SVN_RELEASE "r1.2.2"
| #define NTOPNG_SVN_DATE "Sat Oct 18 17:04:55 EDT 2014"
| #define PACKAGE_OSNAME "x86_64-apple-darwin12.3.0"
| /* end confdefs.h.  */
| 
| /* Override any GCC internal prototype to avoid an error.
|    Use char because int might match the return type of a GCC
|    builtin and then its argument prototype would still apply.  */
| #ifdef __cplusplus
| extern "C"
| #endif
| char GeoIP_record_by_ipnum ();
| int
| main ()
| {
| return GeoIP_record_by_ipnum ();
|   ;
|   return 0;
| }
configure:3380: result: no
configure:3392: checking for grep that handles long lines and -e
configure:3450: result: /usr/bin/grep
configure:3455: checking for egrep
configure:3517: result: /usr/bin/grep -E
configure:3522: checking for ANSI C header files
configure:3542: gcc -c -Wall  -I/usr/local/include  -I/usr/local/include conftest.c >&5
configure:3542: $? = 0
configure:3615: gcc -o conftest -Wall  -I/usr/local/include  -I/usr/local/include  -L/usr/local/lib -ldl -lcurl conftest.c  >&5
configure:3615: $? = 0
configure:3615: ./conftest
configure:3615: $? = 0
configure:3626: result: yes
configure:3639: checking for sys/types.h
configure:3639: gcc -c -Wall  -I/usr/local/include  -I/usr/local/include conftest.c >&5
configure:3639: $? = 0
configure:3639: result: yes
configure:3639: checking for sys/stat.h
configure:3639: gcc -c -Wall  -I/usr/local/include  -I/usr/local/include conftest.c >&5
configure:3639: $? = 0
configure:3639: result: yes
configure:3639: checking for stdlib.h
configure:3639: gcc -c -Wall  -I/usr/local/include  -I/usr/local/include conftest.c >&5
configure:3639: $? = 0
configure:3639: result: yes
configure:3639: checking for string.h
configure:3639: gcc -c -Wall  -I/usr/local/include  -I/usr/local/include conftest.c >&5
configure:3639: $? = 0
configure:3639: result: yes
configure:3639: checking for memory.h
configure:3639: gcc -c -Wall  -I/usr/local/include  -I/usr/local/include conftest.c >&5
configure:3639: $? = 0
configure:3639: result: yes
configure:3639: checking for strings.h
configure:3639: gcc -c -Wall  -I/usr/local/include  -I/usr/local/include conftest.c >&5
configure:3639: $? = 0
configure:3639: result: yes
configure:3639: checking for inttypes.h
configure:3639: gcc -c -Wall  -I/usr/local/include  -I/usr/local/include conftest.c >&5
configure:3639: $? = 0
configure:3639: result: yes
configure:3639: checking for stdint.h
configure:3639: gcc -c -Wall  -I/usr/local/include  -I/usr/local/include conftest.c >&5
configure:3639: $? = 0
configure:3639: result: yes
configure:3639: checking for unistd.h
configure:3639: gcc -c -Wall  -I/usr/local/include  -I/usr/local/include conftest.c >&5
configure:3639: $? = 0
configure:3639: result: yes
configure:3653: checking GeoIP.h usability
configure:3653: gcc -c -Wall  -I/usr/local/include  -I/usr/local/include conftest.c >&5
conftest.c:55:19: error: GeoIP.h: No such file or directory
configure:3653: $? = 1
configure: failed program was:
| /* confdefs.h */
| #define PACKAGE_NAME "Makefile.in"
| #define PACKAGE_TARNAME "makefile-in"
| #define PACKAGE_VERSION "1.2.2"
| #define PACKAGE_STRING "Makefile.in 1.2.2"
| #define PACKAGE_BUGREPORT ""
| #define PACKAGE_URL ""
| #define NTOPNG_SVN_RELEASE "r1.2.2"
| #define NTOPNG_SVN_DATE "Sat Oct 18 17:04:55 EDT 2014"
| #define PACKAGE_OSNAME "x86_64-apple-darwin12.3.0"
| #define STDC_HEADERS 1
| #define HAVE_SYS_TYPES_H 1
| #define HAVE_SYS_STAT_H 1
| #define HAVE_STDLIB_H 1
| #define HAVE_STRING_H 1
| #define HAVE_MEMORY_H 1
| #define HAVE_STRINGS_H 1
| #define HAVE_INTTYPES_H 1
| #define HAVE_STDINT_H 1
| #define HAVE_UNISTD_H 1
| /* end confdefs.h.  */
| #include <stdio.h>
| #ifdef HAVE_SYS_TYPES_H
| # include <sys/types.h>
| #endif
| #ifdef HAVE_SYS_STAT_H
| # include <sys/stat.h>
| #endif
| #ifdef STDC_HEADERS
| # include <stdlib.h>
| # include <stddef.h>
| #else
| # ifdef HAVE_STDLIB_H
| #  include <stdlib.h>
| # endif
| #endif
| #ifdef HAVE_STRING_H
| # if !defined STDC_HEADERS && defined HAVE_MEMORY_H
| #  include <memory.h>
| # endif
| # include <string.h>
| #endif
| #ifdef HAVE_STRINGS_H
| # include <strings.h>
| #endif
| #ifdef HAVE_INTTYPES_H
| # include <inttypes.h>
| #endif
| #ifdef HAVE_STDINT_H
| # include <stdint.h>
| #endif
| #ifdef HAVE_UNISTD_H
| # include <unistd.h>
| #endif
| #include <GeoIP.h>
configure:3653: result: no
configure:3653: checking GeoIP.h presence
configure:3653: gcc -E  -I/usr/local/include conftest.c
conftest.c:22:19: error: GeoIP.h: No such file or directory
configure:3653: $? = 1
configure: failed program was:
| /* confdefs.h */
| #define PACKAGE_NAME "Makefile.in"
| #define PACKAGE_TARNAME "makefile-in"
| #define PACKAGE_VERSION "1.2.2"
| #define PACKAGE_STRING "Makefile.in 1.2.2"
| #define PACKAGE_BUGREPORT ""
| #define PACKAGE_URL ""
| #define NTOPNG_SVN_RELEASE "r1.2.2"
| #define NTOPNG_SVN_DATE "Sat Oct 18 17:04:55 EDT 2014"
| #define PACKAGE_OSNAME "x86_64-apple-darwin12.3.0"
| #define STDC_HEADERS 1
| #define HAVE_SYS_TYPES_H 1
| #define HAVE_SYS_STAT_H 1
| #define HAVE_STDLIB_H 1
| #define HAVE_STRING_H 1
| #define HAVE_MEMORY_H 1
| #define HAVE_STRINGS_H 1
| #define HAVE_INTTYPES_H 1
| #define HAVE_STDINT_H 1
| #define HAVE_UNISTD_H 1
| /* end confdefs.h.  */
| #include <GeoIP.h>
configure:3653: result: no
configure:3653: checking for GeoIP.h
configure:3653: result: no
configure:3732: result: Build ntop without geolocation - GeoIP (http://www.maxmind.com/)
configure:3737: checking for sqlite3_open in -lsqlite3
configure:3762: gcc -o conftest -Wall  -I/usr/local/include  -I/usr/local/include  -L/usr/local/lib -ldl -lcurl conftest.c -lsqlite3   >&5
configure:3762: $? = 0
configure:3771: result: yes
configure:4001: creating ./config.status

## ---------------------- ##
## Running config.status. ##
## ---------------------- ##

This file was extended by Makefile.in config.status 1.2.2, which was
generated by GNU Autoconf 2.69.  Invocation command line was

  CONFIG_FILES    = 
  CONFIG_HEADERS  = 
  CONFIG_LINKS    = 
  CONFIG_COMMANDS = 
  $ ./config.status 

on yhuangMac.local

config.status:827: creating packages/ntopng.spec
config.status:827: creating packages/ntopng-data.spec
config.status:827: creating Makefile
config.status:926: WARNING:  'Makefile.in' seems to ignore the --datarootdir setting
config.status:827: creating doc/doxygen.conf
config.status:827: creating config.h

## ---------------- ##
## Cache variables. ##
## ---------------- ##

ac_cv_c_compiler_gnu=yes
ac_cv_env_CC_set=
ac_cv_env_CC_value=
ac_cv_env_CFLAGS_set=
ac_cv_env_CFLAGS_value=
ac_cv_env_CPPFLAGS_set=
ac_cv_env_CPPFLAGS_value=
ac_cv_env_CPP_set=
ac_cv_env_CPP_value=
ac_cv_env_LDFLAGS_set=
ac_cv_env_LDFLAGS_value=
ac_cv_env_LIBS_set=
ac_cv_env_LIBS_value=
ac_cv_env_build_alias_set=
ac_cv_env_build_alias_value=
ac_cv_env_host_alias_set=
ac_cv_env_host_alias_value=
ac_cv_env_target_alias_set=
ac_cv_env_target_alias_value=
ac_cv_header_GeoIP_h=no
ac_cv_header_inttypes_h=yes
ac_cv_header_memory_h=yes
ac_cv_header_stdc=yes
ac_cv_header_stdint_h=yes
ac_cv_header_stdlib_h=yes
ac_cv_header_string_h=yes
ac_cv_header_strings_h=yes
ac_cv_header_sys_stat_h=yes
ac_cv_header_sys_types_h=yes
ac_cv_header_unistd_h=yes
ac_cv_lib_GeoIP_GeoIP_record_by_ipnum=no
ac_cv_lib_curl_curl_easy_perform=yes
ac_cv_lib_dl_dlopen=yes
ac_cv_lib_nl_nl_handle_alloc=no
ac_cv_lib_pcap_pcap_open_live=yes
ac_cv_lib_rt_clock_gettime=no
ac_cv_lib_sqlite3_sqlite3_open=yes
ac_cv_objext=o
ac_cv_path_EGREP='/usr/bin/grep -E'
ac_cv_path_GREP=/usr/bin/grep
ac_cv_prog_CPP='gcc -E'
ac_cv_prog_ac_ct_CC=gcc
ac_cv_prog_cc_c89=
ac_cv_prog_cc_g=yes

## ----------------- ##
## Output variables. ##
## ----------------- ##

CC='gcc'
CFLAGS='-Wall  -I/usr/local/include'
CPP='gcc -E'
CPPFLAGS=' -I/usr/local/include'
CXXFLAGS=''
DATE='2014-10-18'
DEFS='-DHAVE_CONFIG_H'
ECHO_C='\c'
ECHO_N=''
ECHO_T=''
EGREP='/usr/bin/grep -E'
EXEEXT=''
EXTN='amd64'
GEOIP_LIB=''
GMAKE='make'
GPP='/usr/bin/clang++'
GREP='/usr/bin/grep'
HIREDIS_INC='-I ./third-party/hiredis'
HIREDIS_LIB=''
INSTALL_DIR='/usr/local'
KERNEL=''
LDFLAGS=' -L/usr/local/lib -ldl -lcurl'
LIBOBJS=''
LIBS=''
LINK_OPTS='-pagezero_size 10000 -image_base 100000000'
LTLIBOBJS=''
MACHINE='x86_64'
MAN_DIR='/usr/local/share'
NTOPNG_VERSION='1.2.2'
OBJEXT='o'
PACKAGE_BUGREPORT=''
PACKAGE_NAME='Makefile.in'
PACKAGE_STRING='Makefile.in 1.2.2'
PACKAGE_TARNAME='makefile-in'
PACKAGE_URL=''
PACKAGE_VERSION='1.2.2'
PATH_SEPARATOR=':'
SHELL='/bin/sh'
SQLITE_LIB='-lsqlite3'
SVN='/usr/bin/svn'
SVN_DATE='Sat Oct 18 17:04:55 EDT 2014'
SVN_RELEASE='1.2.2'
SVN_WC_DB=''
SYSTEM='Darwin'
ac_ct_CC='gcc'
bindir='${exec_prefix}/bin'
build_alias=''
datadir='${datarootdir}'
datarootdir='${prefix}/share'
docdir='${datarootdir}/doc/${PACKAGE_TARNAME}'
dvidir='${docdir}'
exec_prefix='${prefix}'
host_alias=''
htmldir='${docdir}'
includedir='${prefix}/include'
infodir='${datarootdir}/info'
libdir='${exec_prefix}/lib'
libexecdir='${exec_prefix}/libexec'
localedir='${datarootdir}/locale'
localstatedir='${prefix}/var'
mandir='${datarootdir}/man'
oldincludedir='/usr/include'
pdfdir='${docdir}'
prefix='/usr/local'
program_transform_name='s,x,x,'
psdir='${docdir}'
sbindir='${exec_prefix}/sbin'
sharedstatedir='${prefix}/com'
sysconfdir='${prefix}/etc'
target_alias=''

## ----------- ##
## confdefs.h. ##
## ----------- ##

/* confdefs.h */
#define PACKAGE_NAME "Makefile.in"
#define PACKAGE_TARNAME "makefile-in"
#define PACKAGE_VERSION "1.2.2"
#define PACKAGE_STRING "Makefile.in 1.2.2"
#define PACKAGE_BUGREPORT ""
#define PACKAGE_URL ""
#define NTOPNG_SVN_RELEASE "r1.2.2"
#define NTOPNG_SVN_DATE "Sat Oct 18 17:04:55 EDT 2014"
#define PACKAGE_OSNAME "x86_64-apple-darwin12.3.0"
#define STDC_HEADERS 1
#define HAVE_SYS_TYPES_H 1
#define HAVE_SYS_STAT_H 1
#define HAVE_STDLIB_H 1
#define HAVE_STRING_H 1
#define HAVE_MEMORY_H 1
#define HAVE_STRINGS_H 1
#define HAVE_INTTYPES_H 1
#define HAVE_STDINT_H 1
#define HAVE_UNISTD_H 1
#define HAVE_SQLITE 1
#define _CRT_SECURE_NO_WARNINGS 1
#define PACKAGE_RELEASE "r1.2.2"
#define PACKAGE_MACHINE "x86_64"

configure: exit 0
