This file contains any messages produced by compilers while
running configure, to aid debugging if configure makes a mistake.

It was created by libndpi configure 1.5.2, which was
generated by GNU Autoconf 2.69.  Invocation command line was

  $ ./configure 

## --------- ##
## Platform. ##
## --------- ##

hostname = yhuangMac.local
uname -m = x86_64
uname -r = 12.3.0
uname -s = Darwin
uname -v = Darwin Kernel Version 12.3.0: Sun Jan  6 22:37:10 PST 2013; root:xnu-2050.22.13~1/RELEASE_X86_64

/usr/bin/uname -p = i386
/bin/uname -X     = unknown

/bin/arch              = unknown
/usr/bin/arch -k       = unknown
/usr/convex/getsysinfo = unknown
/usr/bin/hostinfo      = Mach kernel version:
	 Darwin Kernel Version 12.3.0: Sun Jan  6 22:37:10 PST 2013; root:xnu-2050.22.13~1/RELEASE_X86_64
Kernel configured for up to 8 processors.
4 processors are physically available.
8 processors are logically available.
Processor type: i486 (Intel 80486)
Processors active: 0 1 2 3 4 5 6 7
Primary memory available: 16.00 gigabytes
Default processor set: 188 tasks, 1031 threads, 8 processors
Load average: 3.45, Mach factor: 4.53
/bin/machine           = unknown
/usr/bin/oslevel       = unknown
/bin/universe          = unknown

PATH: /Library/Frameworks/Python.framework/Versions/3.4/bin
PATH: /Users/yhuang/storm/bin
PATH: /opt/local/bin
PATH: /opt/local/sbin
PATH: /usr/local/sbin
PATH: /Users/yhuang/scala-2.10.3/bin
PATH: /Users/yhuang/cassandra-1.2.13/bin
PATH: /opt/local/bin
PATH: /opt/local/sbin
PATH: /usr/local/mysql/bin
PATH: /usr/local/share/python
PATH: /Library/Java/JavaVirtualMachines/jdk1.8.0_05.jdk/Contents/Home/bin
PATH: /usr/local/bin
PATH: /usr/bin
PATH: /bin
PATH: /usr/sbin
PATH: /sbin
PATH: /usr/local/bin
PATH: /opt/X11/bin
PATH: /usr/local/mongodb/bin


## ----------- ##
## Core tests. ##
## ----------- ##

configure:2254: checking for a BSD-compatible install
configure:2322: result: /usr/bin/install -c
configure:2333: checking whether build environment is sane
configure:2388: result: yes
configure:2539: checking for a thread-safe mkdir -p
configure:2578: result: ./install-sh -c -d
configure:2585: checking for gawk
configure:2615: result: no
configure:2585: checking for mawk
configure:2615: result: no
configure:2585: checking for nawk
configure:2615: result: no
configure:2585: checking for awk
configure:2601: found /usr/bin/awk
configure:2612: result: awk
configure:2623: checking whether make sets $(MAKE)
configure:2645: result: yes
configure:2674: checking whether make supports nested variables
configure:2691: result: yes
configure:2846: checking build system type
configure:2860: result: x86_64-apple-darwin12.3.0
configure:2880: checking host system type
configure:2893: result: x86_64-apple-darwin12.3.0
configure:2934: checking how to print strings
configure:2961: result: printf
configure:2994: checking for style of include used by make
configure:3022: result: GNU
configure:3093: checking for gcc
configure:3109: found /usr/bin/gcc
configure:3120: result: gcc
configure:3349: checking for C compiler version
configure:3358: gcc --version >&5
i686-apple-darwin11-llvm-gcc-4.2 (GCC) 4.2.1 (Based on Apple Inc. build 5658) (LLVM build 2336.11.00)
Copyright (C) 2007 Free Software Foundation, Inc.
This is free software; see the source for copying conditions.  There is NO
warranty; not even for MERCHANTABILITY or FITNESS FOR A PARTICULAR PURPOSE.

configure:3369: $? = 0
configure:3358: gcc -v >&5
Using built-in specs.
Target: i686-apple-darwin11
Configured with: /private/var/tmp/llvmgcc42/llvmgcc42-2336.11~182/src/configure --disable-checking --enable-werror --prefix=/Applications/Xcode.app/Contents/Developer/usr/llvm-gcc-4.2 --mandir=/share/man --enable-languages=c,objc,c++,obj-c++ --program-prefix=llvm- --program-transform-name=/^[cg][^.-]*$/s/$/-4.2/ --with-slibdir=/usr/lib --build=i686-apple-darwin11 --enable-llvm=/private/var/tmp/llvmgcc42/llvmgcc42-2336.11~182/dst-llvmCore/Developer/usr/local --program-prefix=i686-apple-darwin11- --host=x86_64-apple-darwin11 --target=i686-apple-darwin11 --with-gxx-include-dir=/usr/include/c++/4.2.1
Thread model: posix
gcc version 4.2.1 (Based on Apple Inc. build 5658) (LLVM build 2336.11.00)
configure:3369: $? = 0
configure:3358: gcc -V >&5
llvm-gcc-4.2: argument to `-V' is missing
configure:3369: $? = 1
configure:3358: gcc -qversion >&5
i686-apple-darwin11-llvm-gcc-4.2: no input files
configure:3369: $? = 1
configure:3389: checking whether the C compiler works
configure:3411: gcc    conftest.c  >&5
configure:3415: $? = 0
configure:3463: result: yes
configure:3466: checking for C compiler default output file name
configure:3468: result: a.out
configure:3474: checking for suffix of executables
configure:3481: gcc -o conftest    conftest.c  >&5
configure:3485: $? = 0
configure:3507: result: 
configure:3529: checking whether we are cross compiling
configure:3537: gcc -o conftest    conftest.c  >&5
configure:3541: $? = 0
configure:3548: ./conftest
configure:3552: $? = 0
configure:3567: result: no
configure:3572: checking for suffix of object files
configure:3594: gcc -c   conftest.c >&5
configure:3598: $? = 0
configure:3619: result: o
configure:3623: checking whether we are using the GNU C compiler
configure:3642: gcc -c   conftest.c >&5
configure:3642: $? = 0
configure:3651: result: yes
configure:3660: checking whether gcc accepts -g
configure:3680: gcc -c -g  conftest.c >&5
configure:3680: $? = 0
configure:3721: result: yes
configure:3738: checking for gcc option to accept ISO C89
configure:3801: gcc  -c -g -O2  conftest.c >&5
configure:3801: $? = 0
configure:3814: result: none needed
configure:3839: checking whether gcc understands -c and -o together
configure:3861: gcc -c conftest.c -o conftest2.o
configure:3864: $? = 0
configure:3861: gcc -c conftest.c -o conftest2.o
configure:3864: $? = 0
configure:3876: result: yes
configure:3895: checking dependency style of gcc
configure:4006: result: gcc3
configure:4021: checking for a sed that does not truncate output
configure:4085: result: /usr/bin/sed
configure:4103: checking for grep that handles long lines and -e
configure:4161: result: /usr/bin/grep
configure:4166: checking for egrep
configure:4228: result: /usr/bin/grep -E
configure:4233: checking for fgrep
configure:4295: result: /usr/bin/grep -F
configure:4330: checking for ld used by gcc
configure:4397: result: /usr/llvm-gcc-4.2/libexec/gcc/i686-apple-darwin11/4.2.1/ld
configure:4404: checking if the linker (/usr/llvm-gcc-4.2/libexec/gcc/i686-apple-darwin11/4.2.1/ld) is GNU ld
configure:4419: result: no
configure:4431: checking for BSD- or MS-compatible name lister (nm)
configure:4480: result: /opt/local/bin/nm
configure:4610: checking the name lister (/opt/local/bin/nm) interface
configure:4617: gcc -c -g -O2  conftest.c >&5
configure:4620: /opt/local/bin/nm "conftest.o"
configure:4623: output
00000000000001a8 S _some_variable
configure:4630: result: BSD nm
configure:4633: checking whether ln -s works
configure:4637: result: yes
configure:4645: checking the maximum length of command line arguments
configure:4775: result: 196608
configure:4792: checking whether the shell understands some XSI constructs
configure:4802: result: yes
configure:4806: checking whether the shell understands "+="
configure:4812: result: yes
configure:4847: checking how to convert x86_64-apple-darwin12.3.0 file names to x86_64-apple-darwin12.3.0 format
configure:4887: result: func_convert_file_noop
configure:4894: checking how to convert x86_64-apple-darwin12.3.0 file names to toolchain format
configure:4914: result: func_convert_file_noop
configure:4921: checking for /usr/llvm-gcc-4.2/libexec/gcc/i686-apple-darwin11/4.2.1/ld option to reload object files
configure:4928: result: -r
configure:5002: checking for objdump
configure:5032: result: no
configure:5061: checking how to recognize dependent libraries
configure:5263: result: pass_all
configure:5348: checking for dlltool
configure:5378: result: no
configure:5408: checking how to associate runtime and link libraries
configure:5435: result: printf %s\n
configure:5496: checking for ar
configure:5512: found /opt/local/bin/ar
configure:5523: result: ar
configure:5560: checking for archiver @FILE support
configure:5577: gcc -c -g -O2  conftest.c >&5
configure:5577: $? = 0
configure:5580: ar cru libconftest.a @conftest.lst >&5
ar: @conftest.lst: No such file or directory
configure:5583: $? = 1
configure:5603: result: no
configure:5661: checking for strip
configure:5677: found /opt/local/bin/strip
configure:5688: result: strip
configure:5760: checking for ranlib
configure:5776: found /opt/local/bin/ranlib
configure:5787: result: ranlib
configure:5889: checking command to parse /opt/local/bin/nm output from gcc object
configure:6009: gcc -c -g -O2  conftest.c >&5
configure:6012: $? = 0
configure:6016: /opt/local/bin/nm conftest.o \| sed -n -e 's/^.*[ ]\([BCDEGRST][BCDEGRST]*\)[ ][ ]*\([_A-Za-z][_A-Za-z0-9]*\)$/\1 \2 \2/p' | sed '/ __gnu_lto/d' \> conftest.nm
configure:6019: $? = 0
cannot find nm_test_var in conftest.nm
configure:6009: gcc -c -g -O2  conftest.c >&5
configure:6012: $? = 0
configure:6016: /opt/local/bin/nm conftest.o \| sed -n -e 's/^.*[ ]\([BCDEGRST][BCDEGRST]*\)[ ][ ]*_\([_A-Za-z][_A-Za-z0-9]*\)$/\1 _\2 \2/p' | sed '/ __gnu_lto/d' \> conftest.nm
configure:6019: $? = 0
configure:6085: gcc -o conftest -g -O2   conftest.c conftstm.o >&5
configure:6088: $? = 0
configure:6126: result: ok
configure:6163: checking for sysroot
configure:6193: result: no
configure:6449: checking for mt
configure:6479: result: no
configure:6499: checking if : is a manifest tool
configure:6505: : '-?'
configure:6513: result: no
configure:6569: checking for dsymutil
configure:6585: found /usr/bin/dsymutil
configure:6596: result: dsymutil
configure:6661: checking for nmedit
configure:6677: found /opt/local/bin/nmedit
configure:6688: result: nmedit
configure:6753: checking for lipo
configure:6769: found /opt/local/bin/lipo
configure:6780: result: lipo
configure:6845: checking for otool
configure:6861: found /opt/local/bin/otool
configure:6872: result: otool
configure:6937: checking for otool64
configure:6967: result: no
configure:7012: checking for -single_module linker flag
gcc -g -O2  -o libconftest.dylib -dynamiclib -Wl,-single_module conftest.c
configure:7045: result: yes
configure:7048: checking for -exported_symbols_list linker flag
configure:7068: gcc -o conftest -g -O2   -Wl,-exported_symbols_list,conftest.sym conftest.c  >&5
configure:7068: $? = 0
configure:7078: result: yes
configure:7081: checking for -force_load linker flag
gcc -g -O2 -c -o conftest.o conftest.c
ar cru libconftest.a conftest.o
ranlib libconftest.a
gcc -g -O2  -o conftest conftest.c -Wl,-force_load,./libconftest.a
configure:7113: result: yes
configure:7155: checking how to run the C preprocessor
configure:7186: gcc -E  conftest.c
configure:7186: $? = 0
configure:7200: gcc -E  conftest.c
conftest.c:11:28: error: ac_nonexistent.h: No such file or directory
configure:7200: $? = 1
configure: failed program was:
| /* confdefs.h */
| #define PACKAGE_NAME "libndpi"
| #define PACKAGE_TARNAME "libndpi"
| #define PACKAGE_VERSION "1.5.2"
| #define PACKAGE_STRING "libndpi 1.5.2"
| #define PACKAGE_BUGREPORT ""
| #define PACKAGE_URL ""
| #define PACKAGE "libndpi"
| #define VERSION "1.5.2"
| /* end confdefs.h.  */
| #include <ac_nonexistent.h>
configure:7225: result: gcc -E
configure:7245: gcc -E  conftest.c
configure:7245: $? = 0
configure:7259: gcc -E  conftest.c
conftest.c:11:28: error: ac_nonexistent.h: No such file or directory
configure:7259: $? = 1
configure: failed program was:
| /* confdefs.h */
| #define PACKAGE_NAME "libndpi"
| #define PACKAGE_TARNAME "libndpi"
| #define PACKAGE_VERSION "1.5.2"
| #define PACKAGE_STRING "libndpi 1.5.2"
| #define PACKAGE_BUGREPORT ""
| #define PACKAGE_URL ""
| #define PACKAGE "libndpi"
| #define VERSION "1.5.2"
| /* end confdefs.h.  */
| #include <ac_nonexistent.h>
configure:7288: checking for ANSI C header files
configure:7308: gcc -c -g -O2  conftest.c >&5
configure:7308: $? = 0
configure:7381: gcc -o conftest -g -O2   conftest.c  >&5
configure:7381: $? = 0
configure:7381: ./conftest
configure:7381: $? = 0
configure:7392: result: yes
configure:7405: checking for sys/types.h
configure:7405: gcc -c -g -O2  conftest.c >&5
configure:7405: $? = 0
configure:7405: result: yes
configure:7405: checking for sys/stat.h
configure:7405: gcc -c -g -O2  conftest.c >&5
configure:7405: $? = 0
configure:7405: result: yes
configure:7405: checking for stdlib.h
configure:7405: gcc -c -g -O2  conftest.c >&5
configure:7405: $? = 0
configure:7405: result: yes
configure:7405: checking for string.h
configure:7405: gcc -c -g -O2  conftest.c >&5
configure:7405: $? = 0
configure:7405: result: yes
configure:7405: checking for memory.h
configure:7405: gcc -c -g -O2  conftest.c >&5
configure:7405: $? = 0
configure:7405: result: yes
configure:7405: checking for strings.h
configure:7405: gcc -c -g -O2  conftest.c >&5
configure:7405: $? = 0
configure:7405: result: yes
configure:7405: checking for inttypes.h
configure:7405: gcc -c -g -O2  conftest.c >&5
configure:7405: $? = 0
configure:7405: result: yes
configure:7405: checking for stdint.h
configure:7405: gcc -c -g -O2  conftest.c >&5
configure:7405: $? = 0
configure:7405: result: yes
configure:7405: checking for unistd.h
configure:7405: gcc -c -g -O2  conftest.c >&5
configure:7405: $? = 0
configure:7405: result: yes
configure:7419: checking for dlfcn.h
configure:7419: gcc -c -g -O2  conftest.c >&5
configure:7419: $? = 0
configure:7419: result: yes
configure:7625: checking for objdir
configure:7640: result: .libs
configure:7911: checking if gcc supports -fno-rtti -fno-exceptions
configure:7929: gcc -c -g -O2  -fno-rtti -fno-exceptions conftest.c >&5
cc1: warning: command line option "-fno-rtti" is valid for C++/ObjC++ but not for C
configure:7933: $? = 0
configure:7946: result: no
configure:8273: checking for gcc option to produce PIC
configure:8280: result: -fno-common -DPIC
configure:8288: checking if gcc PIC flag -fno-common -DPIC works
configure:8306: gcc -c -g -O2  -fno-common -DPIC -DPIC conftest.c >&5
configure:8310: $? = 0
configure:8323: result: yes
configure:8352: checking if gcc static flag -static works
configure:8380: result: no
configure:8395: checking if gcc supports -c -o file.o
configure:8416: gcc -c -g -O2  -o out/conftest2.o conftest.c >&5
configure:8420: $? = 0
configure:8442: result: yes
configure:8450: checking if gcc supports -c -o file.o
configure:8497: result: yes
configure:8530: checking whether the gcc linker (/usr/llvm-gcc-4.2/libexec/gcc/i686-apple-darwin11/4.2.1/ld) supports shared libraries
configure:9683: result: yes
configure:9923: checking dynamic linker characteristics
configure:10656: result: darwin12.3.0 dyld
configure:10763: checking how to hardcode library paths into programs
configure:10788: result: immediate
configure:11328: checking whether stripping libraries is possible
configure:11342: result: yes
configure:11368: checking if libtool supports shared libraries
configure:11370: result: yes
configure:11373: checking whether to build shared libraries
configure:11394: result: yes
configure:11397: checking whether to build static libraries
configure:11401: result: yes
configure:11487: checking for gcc
configure:11514: result: gcc
configure:11743: checking for C compiler version
configure:11752: gcc --version >&5
i686-apple-darwin11-llvm-gcc-4.2 (GCC) 4.2.1 (Based on Apple Inc. build 5658) (LLVM build 2336.11.00)
Copyright (C) 2007 Free Software Foundation, Inc.
This is free software; see the source for copying conditions.  There is NO
warranty; not even for MERCHANTABILITY or FITNESS FOR A PARTICULAR PURPOSE.

configure:11763: $? = 0
configure:11752: gcc -v >&5
Using built-in specs.
Target: i686-apple-darwin11
Configured with: /private/var/tmp/llvmgcc42/llvmgcc42-2336.11~182/src/configure --disable-checking --enable-werror --prefix=/Applications/Xcode.app/Contents/Developer/usr/llvm-gcc-4.2 --mandir=/share/man --enable-languages=c,objc,c++,obj-c++ --program-prefix=llvm- --program-transform-name=/^[cg][^.-]*$/s/$/-4.2/ --with-slibdir=/usr/lib --build=i686-apple-darwin11 --enable-llvm=/private/var/tmp/llvmgcc42/llvmgcc42-2336.11~182/dst-llvmCore/Developer/usr/local --program-prefix=i686-apple-darwin11- --host=x86_64-apple-darwin11 --target=i686-apple-darwin11 --with-gxx-include-dir=/usr/include/c++/4.2.1
Thread model: posix
gcc version 4.2.1 (Based on Apple Inc. build 5658) (LLVM build 2336.11.00)
configure:11763: $? = 0
configure:11752: gcc -V >&5
llvm-gcc-4.2: argument to `-V' is missing
configure:11763: $? = 1
configure:11752: gcc -qversion >&5
i686-apple-darwin11-llvm-gcc-4.2: no input files
configure:11763: $? = 1
configure:11767: checking whether we are using the GNU C compiler
configure:11795: result: yes
configure:11804: checking whether gcc accepts -g
configure:11865: result: yes
configure:11882: checking for gcc option to accept ISO C89
configure:11958: result: none needed
configure:11983: checking whether gcc understands -c and -o together
configure:12020: result: yes
configure:12039: checking dependency style of gcc
configure:12150: result: gcc3
configure:12277: checking if compiler needs -Werror to reject unknown flags
configure:12293: gcc -c -g -O2 -Werror -Wunknown-warning-option -Wsizeof-array-argument  conftest.c >&5
cc1: error: unrecognized command line option "-Wunknown-warning-option"
cc1: error: unrecognized command line option "-Wsizeof-array-argument"
configure:12293: $? = 1
configure: failed program was:
| /* confdefs.h */
| #define PACKAGE_NAME "libndpi"
| #define PACKAGE_TARNAME "libndpi"
| #define PACKAGE_VERSION "1.5.2"
| #define PACKAGE_STRING "libndpi 1.5.2"
| #define PACKAGE_BUGREPORT ""
| #define PACKAGE_URL ""
| #define PACKAGE "libndpi"
| #define VERSION "1.5.2"
| #define STDC_HEADERS 1
| #define HAVE_SYS_TYPES_H 1
| #define HAVE_SYS_STAT_H 1
| #define HAVE_STDLIB_H 1
| #define HAVE_STRING_H 1
| #define HAVE_MEMORY_H 1
| #define HAVE_STRINGS_H 1
| #define HAVE_INTTYPES_H 1
| #define HAVE_STDINT_H 1
| #define HAVE_UNISTD_H 1
| #define HAVE_DLFCN_H 1
| #define LT_OBJDIR ".libs/"
| /* end confdefs.h.  */
| int foo(void);
| int
| main ()
| {
| foo()
|   ;
|   return 0;
| }
configure:12298: result: no
configure:12314: checking whether pthreads work with -pthread
configure:12402: gcc -o conftest -g -O2 -pthread    conftest.c   >&5
configure:12402: $? = 0
configure:12411: result: yes
configure:12430: checking for joinable pthread attribute
configure:12445: gcc -o conftest -g -O2 -pthread   conftest.c   >&5
configure:12445: $? = 0
configure:12451: result: PTHREAD_CREATE_JOINABLE
configure:12461: checking if more special flags are required for pthreads
configure:12476: result: -D_THREAD_SAFE
configure:12482: checking for PTHREAD_PRIO_INHERIT
configure:12499: gcc -o conftest -g -O2 -pthread   conftest.c   >&5
configure:12499: $? = 0
configure:12508: result: yes
configure:12630: checking netinet/in.h usability
configure:12630: gcc -c -g -O2  conftest.c >&5
configure:12630: $? = 0
configure:12630: result: yes
configure:12630: checking netinet/in.h presence
configure:12630: gcc -E  conftest.c
configure:12630: $? = 0
configure:12630: result: yes
configure:12630: checking for netinet/in.h
configure:12630: result: yes
configure:12630: checking for stdint.h
configure:12630: result: yes
configure:12630: checking for stdlib.h
configure:12630: result: yes
configure:12630: checking for string.h
configure:12630: result: yes
configure:12630: checking for unistd.h
configure:12630: result: yes
configure:12735: checking for pcap_open_live in -lpcap
configure:12760: gcc -o conftest -g -O2   conftest.c -lpcap   >&5
configure:12760: $? = 0
configure:12769: result: yes
configure:12794: checking for NT_Init in -lntapi
configure:12819: gcc -o conftest -g -O2     conftest.c -lntapi   -L/opt/napatech3/lib  >&5
ld: warning: directory not found for option '-L/opt/napatech3/lib'
ld: library not found for -lntapi
collect2: ld returned 1 exit status
configure:12819: $? = 1
configure: failed program was:
| /* confdefs.h */
| #define PACKAGE_NAME "libndpi"
| #define PACKAGE_TARNAME "libndpi"
| #define PACKAGE_VERSION "1.5.2"
| #define PACKAGE_STRING "libndpi 1.5.2"
| #define PACKAGE_BUGREPORT ""
| #define PACKAGE_URL ""
| #define PACKAGE "libndpi"
| #define VERSION "1.5.2"
| #define STDC_HEADERS 1
| #define HAVE_SYS_TYPES_H 1
| #define HAVE_SYS_STAT_H 1
| #define HAVE_STDLIB_H 1
| #define HAVE_STRING_H 1
| #define HAVE_MEMORY_H 1
| #define HAVE_STRINGS_H 1
| #define HAVE_INTTYPES_H 1
| #define HAVE_STDINT_H 1
| #define HAVE_UNISTD_H 1
| #define HAVE_DLFCN_H 1
| #define LT_OBJDIR ".libs/"
| #define HAVE_PTHREAD_PRIO_INHERIT 1
| #define HAVE_PTHREAD 1
| #define NDPI_SVN_RELEASE "r8461"
| #define NDPI_SVN_DATE "2014-10-18 06:25:09 -0400 (Sat, 18 Oct 2014)"
| #define HAVE_NETINET_IN_H 1
| #define HAVE_STDINT_H 1
| #define HAVE_STDLIB_H 1
| #define HAVE_STRING_H 1
| #define HAVE_UNISTD_H 1
| /* end confdefs.h.  */
| 
| /* Override any GCC internal prototype to avoid an error.
|    Use char because int might match the return type of a GCC
|    builtin and then its argument prototype would still apply.  */
| #ifdef __cplusplus
| extern "C"
| #endif
| char NT_Init ();
| int
| main ()
| {
| return NT_Init ();
|   ;
|   return 0;
| }
configure:12828: result: no
configure:12836: checking for json_object_new_object in -ljson-c
configure:12861: gcc -o conftest -g -O2     conftest.c -ljson-c   >&5
ld: library not found for -ljson-c
collect2: ld returned 1 exit status
configure:12861: $? = 1
configure: failed program was:
| /* confdefs.h */
| #define PACKAGE_NAME "libndpi"
| #define PACKAGE_TARNAME "libndpi"
| #define PACKAGE_VERSION "1.5.2"
| #define PACKAGE_STRING "libndpi 1.5.2"
| #define PACKAGE_BUGREPORT ""
| #define PACKAGE_URL ""
| #define PACKAGE "libndpi"
| #define VERSION "1.5.2"
| #define STDC_HEADERS 1
| #define HAVE_SYS_TYPES_H 1
| #define HAVE_SYS_STAT_H 1
| #define HAVE_STDLIB_H 1
| #define HAVE_STRING_H 1
| #define HAVE_MEMORY_H 1
| #define HAVE_STRINGS_H 1
| #define HAVE_INTTYPES_H 1
| #define HAVE_STDINT_H 1
| #define HAVE_UNISTD_H 1
| #define HAVE_DLFCN_H 1
| #define LT_OBJDIR ".libs/"
| #define HAVE_PTHREAD_PRIO_INHERIT 1
| #define HAVE_PTHREAD 1
| #define NDPI_SVN_RELEASE "r8461"
| #define NDPI_SVN_DATE "2014-10-18 06:25:09 -0400 (Sat, 18 Oct 2014)"
| #define HAVE_NETINET_IN_H 1
| #define HAVE_STDINT_H 1
| #define HAVE_STDLIB_H 1
| #define HAVE_STRING_H 1
| #define HAVE_UNISTD_H 1
| /* end confdefs.h.  */
| 
| /* Override any GCC internal prototype to avoid an error.
|    Use char because int might match the return type of a GCC
|    builtin and then its argument prototype would still apply.  */
| #ifdef __cplusplus
| extern "C"
| #endif
| char json_object_new_object ();
| int
| main ()
| {
| return json_object_new_object ();
|   ;
|   return 0;
| }
configure:12870: result: no
configure:13000: checking that generated files are newer than configure
configure:13006: result: done
configure:13033: creating ./config.status

## ---------------------- ##
## Running config.status. ##
## ---------------------- ##

This file was extended by libndpi config.status 1.5.2, which was
generated by GNU Autoconf 2.69.  Invocation command line was

  CONFIG_FILES    = 
  CONFIG_HEADERS  = 
  CONFIG_LINKS    = 
  CONFIG_COMMANDS = 
  $ ./config.status 

on yhuangMac.local

config.status:1098: creating Makefile
config.status:1098: creating src/lib/Makefile
config.status:1098: creating example/Makefile
config.status:1098: creating libndpi.pc
config.status:1098: creating config.h
config.status:1279: config.h is unchanged
config.status:1327: executing depfiles commands
config.status:1327: executing libtool commands

## ---------------- ##
## Cache variables. ##
## ---------------- ##

ac_cv_build=x86_64-apple-darwin12.3.0
ac_cv_c_compiler_gnu=yes
ac_cv_env_CC_set=
ac_cv_env_CC_value=
ac_cv_env_CFLAGS_set=
ac_cv_env_CFLAGS_value=
ac_cv_env_CPPFLAGS_set=
ac_cv_env_CPPFLAGS_value=
ac_cv_env_CPP_set=
ac_cv_env_CPP_value=
ac_cv_env_LDFLAGS_set=
ac_cv_env_LDFLAGS_value=
ac_cv_env_LIBS_set=
ac_cv_env_LIBS_value=
ac_cv_env_build_alias_set=
ac_cv_env_build_alias_value=
ac_cv_env_host_alias_set=
ac_cv_env_host_alias_value=
ac_cv_env_target_alias_set=
ac_cv_env_target_alias_value=
ac_cv_header_dlfcn_h=yes
ac_cv_header_inttypes_h=yes
ac_cv_header_memory_h=yes
ac_cv_header_netinet_in_h=yes
ac_cv_header_stdc=yes
ac_cv_header_stdint_h=yes
ac_cv_header_stdlib_h=yes
ac_cv_header_string_h=yes
ac_cv_header_strings_h=yes
ac_cv_header_sys_stat_h=yes
ac_cv_header_sys_types_h=yes
ac_cv_header_unistd_h=yes
ac_cv_host=x86_64-apple-darwin12.3.0
ac_cv_lib_json_c_json_object_new_object=no
ac_cv_lib_ntapi_NT_Init=no
ac_cv_lib_pcap_pcap_open_live=yes
ac_cv_objext=o
ac_cv_path_EGREP='/usr/bin/grep -E'
ac_cv_path_FGREP='/usr/bin/grep -F'
ac_cv_path_GREP=/usr/bin/grep
ac_cv_path_SED=/usr/bin/sed
ac_cv_path_install='/usr/bin/install -c'
ac_cv_prog_AWK=awk
ac_cv_prog_CPP='gcc -E'
ac_cv_prog_ac_ct_AR=ar
ac_cv_prog_ac_ct_CC=gcc
ac_cv_prog_ac_ct_DSYMUTIL=dsymutil
ac_cv_prog_ac_ct_LIPO=lipo
ac_cv_prog_ac_ct_NMEDIT=nmedit
ac_cv_prog_ac_ct_OTOOL=otool
ac_cv_prog_ac_ct_RANLIB=ranlib
ac_cv_prog_ac_ct_STRIP=strip
ac_cv_prog_cc_c89=
ac_cv_prog_cc_g=yes
ac_cv_prog_make_make_set=yes
am_cv_CC_dependencies_compiler_type=gcc3
am_cv_make_support_nested_variables=yes
am_cv_prog_cc_c_o=yes
ax_cv_PTHREAD_PRIO_INHERIT=yes
lt_cv_apple_cc_single_mod=yes
lt_cv_ar_at_file=no
lt_cv_deplibs_check_method=pass_all
lt_cv_file_magic_cmd='$MAGIC_CMD'
lt_cv_file_magic_test_file=
lt_cv_ld_exported_symbols_list=yes
lt_cv_ld_force_load=yes
lt_cv_ld_reload_flag=-r
lt_cv_nm_interface='BSD nm'
lt_cv_objdir=.libs
lt_cv_path_LD=/usr/llvm-gcc-4.2/libexec/gcc/i686-apple-darwin11/4.2.1/ld
lt_cv_path_NM=/opt/local/bin/nm
lt_cv_path_mainfest_tool=no
lt_cv_prog_compiler_c_o=yes
lt_cv_prog_compiler_pic='-fno-common -DPIC'
lt_cv_prog_compiler_pic_works=yes
lt_cv_prog_compiler_rtti_exceptions=no
lt_cv_prog_compiler_static_works=no
lt_cv_prog_gnu_ld=no
lt_cv_sharedlib_from_linklib_cmd='printf %s\n'
lt_cv_sys_global_symbol_pipe='sed -n -e '\''s/^.*[	 ]\([BCDEGRST][BCDEGRST]*\)[	 ][	 ]*_\([_A-Za-z][_A-Za-z0-9]*\)$/\1 _\2 \2/p'\'' | sed '\''/ __gnu_lto/d'\'''
lt_cv_sys_global_symbol_to_c_name_address='sed -n -e '\''s/^: \([^ ]*\)[ ]*$/  {\"\1\", (void *) 0},/p'\'' -e '\''s/^[BCDEGRST]* \([^ ]*\) \([^ ]*\)$/  {"\2", (void *) \&\2},/p'\'''
lt_cv_sys_global_symbol_to_c_name_address_lib_prefix='sed -n -e '\''s/^: \([^ ]*\)[ ]*$/  {\"\1\", (void *) 0},/p'\'' -e '\''s/^[BCDEGRST]* \([^ ]*\) \(lib[^ ]*\)$/  {"\2", (void *) \&\2},/p'\'' -e '\''s/^[BCDEGRST]* \([^ ]*\) \([^ ]*\)$/  {"lib\2", (void *) \&\2},/p'\'''
lt_cv_sys_global_symbol_to_cdecl='sed -n -e '\''s/^T .* \(.*\)$/extern int \1();/p'\'' -e '\''s/^[BCDEGRST]* .* \(.*\)$/extern char \1;/p'\'''
lt_cv_sys_max_cmd_len=196608
lt_cv_to_host_file_cmd=func_convert_file_noop
lt_cv_to_tool_file_cmd=func_convert_file_noop

## ----------------- ##
## Output variables. ##
## ----------------- ##

ACLOCAL='${SHELL} /Users/yhuang/workspace-luna/ntopng-xtao/nDPI/missing aclocal-1.14'
AMDEPBACKSLASH='\'
AMDEP_FALSE='#'
AMDEP_TRUE=''
AMTAR='$${TAR-tar}'
AM_BACKSLASH='\'
AM_DEFAULT_V='$(AM_DEFAULT_VERBOSITY)'
AM_DEFAULT_VERBOSITY='1'
AM_V='$(V)'
AR='ar'
AUTOCONF='${SHELL} /Users/yhuang/workspace-luna/ntopng-xtao/nDPI/missing autoconf'
AUTOHEADER='${SHELL} /Users/yhuang/workspace-luna/ntopng-xtao/nDPI/missing autoheader'
AUTOMAKE='${SHELL} /Users/yhuang/workspace-luna/ntopng-xtao/nDPI/missing automake-1.14'
AWK='awk'
CC='gcc'
CCDEPMODE='depmode=gcc3'
CFLAGS='-g -O2 '
CPP='gcc -E'
CPPFLAGS=''
CYGPATH_W='echo'
DEFS='-DHAVE_CONFIG_H'
DEPDIR='.deps'
DLLTOOL='false'
DSYMUTIL='dsymutil'
DUMPBIN=''
ECHO_C='\c'
ECHO_N=''
ECHO_T=''
EGREP='/usr/bin/grep -E'
EXEEXT=''
FGREP='/usr/bin/grep -F'
GREP='/usr/bin/grep'
INSTALL_DATA='${INSTALL} -m 644'
INSTALL_PROGRAM='${INSTALL}'
INSTALL_SCRIPT='${INSTALL}'
INSTALL_STRIP_PROGRAM='$(install_sh) -c -s'
JSON_C_LIB=''
LD='/usr/llvm-gcc-4.2/libexec/gcc/i686-apple-darwin11/4.2.1/ld'
LDFLAGS=' '
LIBOBJS=''
LIBS=''
LIBTOOL='$(SHELL) $(top_builddir)/libtool'
LIPO='lipo'
LN_S='ln -s'
LTLIBOBJS=''
MAKEINFO='${SHELL} /Users/yhuang/workspace-luna/ntopng-xtao/nDPI/missing makeinfo'
MANIFEST_TOOL=':'
MKDIR_P='./install-sh -c -d'
NM='/opt/local/bin/nm'
NMEDIT='nmedit'
OBJDUMP='false'
OBJEXT='o'
OTOOL64=':'
OTOOL='otool'
PACKAGE='libndpi'
PACKAGE_BUGREPORT=''
PACKAGE_NAME='libndpi'
PACKAGE_STRING='libndpi 1.5.2'
PACKAGE_TARNAME='libndpi'
PACKAGE_URL=''
PACKAGE_VERSION='1.5.2'
PATH_SEPARATOR=':'
PCAP_INC=''
PCAP_LIB='-lpcap'
PTHREAD_CC='gcc'
PTHREAD_CFLAGS='-D_THREAD_SAFE -pthread'
PTHREAD_LIBS=''
RANLIB='ranlib'
SED='/usr/bin/sed'
SET_MAKE=''
SHELL='/bin/sh'
STRIP='strip'
SVN_DATE='2014-10-18 06:25:09 -0400 (Sat, 18 Oct 2014)'
SVN_RELEASE='8461'
VERSION='1.5.2'
ac_ct_AR='ar'
ac_ct_CC='gcc'
ac_ct_DUMPBIN=''
am__EXEEXT_FALSE=''
am__EXEEXT_TRUE='#'
am__fastdepCC_FALSE='#'
am__fastdepCC_TRUE=''
am__include='include'
am__isrc=''
am__leading_dot='.'
am__nodep='_no'
am__quote=''
am__tar='$${TAR-tar} chof - "$$tardir"'
am__untar='$${TAR-tar} xf -'
ax_pthread_config=''
bindir='${exec_prefix}/bin'
build='x86_64-apple-darwin12.3.0'
build_alias=''
build_cpu='x86_64'
build_os='darwin12.3.0'
build_vendor='apple'
datadir='${datarootdir}'
datarootdir='${prefix}/share'
docdir='${datarootdir}/doc/${PACKAGE_TARNAME}'
dvidir='${docdir}'
exec_prefix='${prefix}'
host='x86_64-apple-darwin12.3.0'
host_alias=''
host_cpu='x86_64'
host_os='darwin12.3.0'
host_vendor='apple'
htmldir='${docdir}'
includedir='${prefix}/include'
infodir='${datarootdir}/info'
install_sh='${SHELL} /Users/yhuang/workspace-luna/ntopng-xtao/nDPI/install-sh'
libdir='${exec_prefix}/lib'
libexecdir='${exec_prefix}/libexec'
localedir='${datarootdir}/locale'
localstatedir='${prefix}/var'
mandir='${datarootdir}/man'
mkdir_p='$(MKDIR_P)'
oldincludedir='/usr/include'
pdfdir='${docdir}'
prefix='/usr/local'
program_transform_name='s,x,x,'
psdir='${docdir}'
sbindir='${exec_prefix}/sbin'
sharedstatedir='${prefix}/com'
sysconfdir='${prefix}/etc'
target_alias=''

## ----------- ##
## confdefs.h. ##
## ----------- ##

/* confdefs.h */
#define PACKAGE_NAME "libndpi"
#define PACKAGE_TARNAME "libndpi"
#define PACKAGE_VERSION "1.5.2"
#define PACKAGE_STRING "libndpi 1.5.2"
#define PACKAGE_BUGREPORT ""
#define PACKAGE_URL ""
#define PACKAGE "libndpi"
#define VERSION "1.5.2"
#define STDC_HEADERS 1
#define HAVE_SYS_TYPES_H 1
#define HAVE_SYS_STAT_H 1
#define HAVE_STDLIB_H 1
#define HAVE_STRING_H 1
#define HAVE_MEMORY_H 1
#define HAVE_STRINGS_H 1
#define HAVE_INTTYPES_H 1
#define HAVE_STDINT_H 1
#define HAVE_UNISTD_H 1
#define HAVE_DLFCN_H 1
#define LT_OBJDIR ".libs/"
#define HAVE_PTHREAD_PRIO_INHERIT 1
#define HAVE_PTHREAD 1
#define NDPI_SVN_RELEASE "r8461"
#define NDPI_SVN_DATE "2014-10-18 06:25:09 -0400 (Sat, 18 Oct 2014)"
#define HAVE_NETINET_IN_H 1
#define HAVE_STDINT_H 1
#define HAVE_STDLIB_H 1
#define HAVE_STRING_H 1
#define HAVE_UNISTD_H 1

configure: exit 0
